=== Auto-sync berjalan (Sat Nov  8 15:29:39 WIB 2025) ===
⏳ Mengecek sinkronisasi (Sat Nov  8 15:29:39 WIB 2025)...
[main a47cfa6] AutoSync-local: 2025-11-08 15:29:39
 2 files changed, 39 insertions(+), 19 deletions(-)
 create mode 100644 .sync.log
To https://github.com/medenx/xau-sentinel.git
   e35bc7b..a47cfa6  main -> main
✅ Push ke GitHub (Sat Nov  8 15:29:42 WIB 2025)
✔ Sinkronisasi selesai (Sat Nov  8 15:29:42 WIB 2025)
⏳ Mengecek sinkronisasi (Sat Nov  8 15:30:42 WIB 2025)...
[main ef9050c] AutoSync-local: 2025-11-08 15:30:42
 1 file changed, 1 insertion(+)
To https://github.com/medenx/xau-sentinel.git
   a47cfa6..ef9050c  main -> main
✅ Push ke GitHub (Sat Nov  8 15:30:44 WIB 2025)
✔ Sinkronisasi selesai (Sat Nov  8 15:30:44 WIB 2025)
⏳ Mengecek sinkronisasi (Sat Nov  8 15:31:45 WIB 2025)...
[main 5a642ce] AutoSync-local: 2025-11-08 15:31:45
 1 file changed, 7 insertions(+)
To https://github.com/medenx/xau-sentinel.git
   ef9050c..5a642ce  main -> main
✅ Push ke GitHub (Sat Nov  8 15:31:47 WIB 2025)
✔ Sinkronisasi selesai (Sat Nov  8 15:31:47 WIB 2025)
⏳ Mengecek sinkronisasi (Sat Nov  8 15:32:47 WIB 2025)...
[main 9dadefc] AutoSync-local: 2025-11-08 15:32:47
 1 file changed, 7 insertions(+)
To https://github.com/medenx/xau-sentinel.git
   5a642ce..9dadefc  main -> main
✅ Push ke GitHub (Sat Nov  8 15:32:50 WIB 2025)
✔ Sinkronisasi selesai (Sat Nov  8 15:32:50 WIB 2025)
⏳ Mengecek sinkronisasi (Sat Nov  8 15:33:50 WIB 2025)...
[main 9e7adee] AutoSync-local: 2025-11-08 15:33:50
 1 file changed, 7 insertions(+)
To https://github.com/medenx/xau-sentinel.git
   9dadefc..9e7adee  main -> main
✅ Push ke GitHub (Sat Nov  8 15:33:53 WIB 2025)
✔ Sinkronisasi selesai (Sat Nov  8 15:33:53 WIB 2025)
⏳ Mengecek sinkronisasi (Sat Nov  8 15:34:53 WIB 2025)...
[main 1dffcc0] AutoSync-local: 2025-11-08 15:34:53
 1 file changed, 7 insertions(+)
To https://github.com/medenx/xau-sentinel.git
   9e7adee..1dffcc0  main -> main
✅ Push ke GitHub (Sat Nov  8 15:34:56 WIB 2025)
✔ Sinkronisasi selesai (Sat Nov  8 15:34:56 WIB 2025)
=== Auto-sync start (Sat Nov  8 15:35:24 WIB 2025) ===
=== Auto-sync start (Sat Nov  8 15:35:24 WIB 2025) ===
fatal: Cannot rebase onto multiple branches.
fatal: Cannot rebase onto multiple branches.
Already up to date.
Already up to date.
⏳ Cek sinkron (Sat Nov  8 15:35:26 WIB 2025)...
⏳ Cek sinkron (Sat Nov  8 15:35:26 WIB 2025)...
On branch main
Your branch is ahead of 'origin/main' by 1 commit.
  (use "git push" to publish your local commits)

nothing to commit, working tree clean
[main af46d86] AutoSync-local: 2025-11-08 15:35:26
 3 files changed, 108 insertions(+), 25 deletions(-)
fatal: Cannot rebase onto multiple branches.
fatal: Cannot rebase onto multiple branches.
⚠️ Rebase gagal — fallback merge (Sat Nov  8 15:35:27 WIB 2025)
⚠️ Rebase gagal — fallback merge (Sat Nov  8 15:35:27 WIB 2025)
Already up to date.
Already up to date.
To https://github.com/medenx/xau-sentinel.git
   1dffcc0..af46d86  main -> main
To https://github.com/medenx/xau-sentinel.git
 ! [remote rejected] main -> main (cannot lock ref 'refs/heads/main': is at af46d86907ec90e44e3efa03139a2b3c82fa7087 but expected 1dffcc0fcbd1d1d541c3a916e8765cde93a2f79f)
error: failed to push some refs to 'https://github.com/medenx/xau-sentinel.git'
✅ Push ke origin/main (Sat Nov  8 15:35:29 WIB 2025)
❌ Push origin gagal (Sat Nov  8 15:35:29 WIB 2025)
⏳ Cek sinkron (Sat Nov  8 15:36:29 WIB 2025)...
⏳ Cek sinkron (Sat Nov  8 15:36:29 WIB 2025)...
fatal: Unable to create '/data/data/com.termux/files/home/xau-sentinel/.git/index.lock': File exists.

Another git process seems to be running in this repository, e.g.
an editor opened by 'git commit'. Please make sure all processes
are terminated then try again. If it still fails, a git process
may have crashed in this repository earlier:
remove the file manually to continue.
[main e93b523] AutoSync-local: 2025-11-08 15:36:29
 1 file changed, 29 insertions(+)
fatal: Cannot rebase onto multiple branches.
fatal: Cannot rebase onto multiple branches.
⚠️ Rebase gagal — fallback merge (Sat Nov  8 15:36:30 WIB 2025)
⚠️ Rebase gagal — fallback merge (Sat Nov  8 15:36:30 WIB 2025)
Already up to date.
Already up to date.
To https://github.com/medenx/xau-sentinel.git
   af46d86..e93b523  main -> main
To https://github.com/medenx/xau-sentinel.git
 ! [remote rejected] main -> main (cannot lock ref 'refs/heads/main': is at e93b523946a76a729905099b813fc72a84baf3c0 but expected af46d86907ec90e44e3efa03139a2b3c82fa7087)
error: failed to push some refs to 'https://github.com/medenx/xau-sentinel.git'
✅ Push ke origin/main (Sat Nov  8 15:36:33 WIB 2025)
❌ Push origin gagal (Sat Nov  8 15:36:33 WIB 2025)
=== Auto-sync start (Sat Nov  8 15:37:42 WIB 2025) ===
Already up to date.
⏳ Cek sinkron (Sat Nov  8 15:37:43 WIB 2025)...
[main d87e3b2] AutoSync-local: 2025-11-08 15:37:43
 1 file changed, 25 insertions(+)
To https://github.com/medenx/xau-sentinel.git
   e93b523..d87e3b2  main -> main
✅ Push ke origin/main (Sat Nov  8 15:37:46 WIB 2025)
=== Auto-sync start (Sat Nov  8 15:37:49 WIB 2025) ===
Already up to date.
⏳ Cek sinkron (Sat Nov  8 15:37:50 WIB 2025)...
[main e7ec0f1] AutoSync-local: 2025-11-08 15:37:50
 1 file changed, 8 insertions(+)
To https://github.com/medenx/xau-sentinel.git
   d87e3b2..e7ec0f1  main -> main
✅ Push ke origin/main (Sat Nov  8 15:37:53 WIB 2025)
⏳ Cek sinkron (Sat Nov  8 15:38:46 WIB 2025)...
[main 24129bb] AutoSync-local: 2025-11-08 15:38:46
 1 file changed, 6 insertions(+)
To https://github.com/medenx/xau-sentinel.git
   e7ec0f1..24129bb  main -> main
✅ Push ke origin/main (Sat Nov  8 15:38:48 WIB 2025)
⏳ Cek sinkron (Sat Nov  8 15:38:53 WIB 2025)...
